<?xml version="1.0" encoding="UTF-8"?>
<!-- Generated by org.testng.reporters.JUnitXMLReporter -->
<testsuite ignored="0" hostname="DESKTOP-FBA9DIB" failures="1" tests="2" name="FireFoxBrowerTest(failed)" time="35.802" errors="0" timestamp="2024-10-25T00:17:24 IST">
  <testcase classname="testCases.TC001_AccountRegistrationTest" name="verify_account_registration" time="3.523"/>
  <testcase classname="testCases.TC002_LoginTest" name="verify_login" time="3.681">
    <failure type="java.lang.AssertionError" message="null">
      <![CDATA[java.lang.AssertionError: null
at testCases.TC002_LoginTest.verify_login(TC002_LoginTest.java:43)
at java.base/java.util.ArrayList.forEach(ArrayList.java:1597)
at java.base/java.util.concurrent.FutureTask.run(FutureTask.java:317)
at java.base/java.util.concurrent.ThreadPoolExecutor.runWorker(ThreadPoolExecutor.java:1144)
at java.base/java.util.concurrent.ThreadPoolExecutor$Worker.run(ThreadPoolExecutor.java:642)
at java.base/java.lang.Thread.run(Thread.java:1570)
... Removed 17 stack frames]]>
    </failure>
  </testcase> <!-- verify_login -->
</testsuite> <!-- FireFoxBrowerTest(failed) -->
